2024-04-09 15:07:58,355 INFO o.a.j.u.JMeterUtils: Setting Locale to en
2024-04-09 15:07:58,391 INFO o.a.j.JMeter: Loading user properties from: /home/ec2-user/.bzt/jmeter-taurus/5.5/bin/user.properties
2024-04-09 15:07:58,394 INFO o.a.j.JMeter: Loading system properties from: /home/ec2-user/.bzt/jmeter-taurus/5.5/bin/system.properties
2024-04-09 15:07:58,396 INFO o.a.j.JMeter: Loading additional properties from: /home/ec2-user/environment/2024-04-09_15-06-15.616494/jmeter-bzt.properties
2024-04-09 15:07:58,407 INFO o.a.j.JMeter: Copyright (c) 1998-2022 The Apache Software Foundation
2024-04-09 15:07:58,409 INFO o.a.j.JMeter: Version 5.5
2024-04-09 15:07:58,411 INFO o.a.j.JMeter: java.version=17.0.10
2024-04-09 15:07:58,413 INFO o.a.j.JMeter: java.vm.name=OpenJDK 64-Bit Server VM
2024-04-09 15:07:58,414 INFO o.a.j.JMeter: os.name=Linux
2024-04-09 15:07:58,414 INFO o.a.j.JMeter: os.arch=amd64
2024-04-09 15:07:58,414 INFO o.a.j.JMeter: os.version=6.1.79-99.167.amzn2023.x86_64
2024-04-09 15:07:58,414 INFO o.a.j.JMeter: file.encoding=UTF-8
2024-04-09 15:07:58,414 INFO o.a.j.JMeter: java.awt.headless=true
2024-04-09 15:07:58,414 INFO o.a.j.JMeter: Max memory     =2025848832
2024-04-09 15:07:58,415 INFO o.a.j.JMeter: Available Processors =2
2024-04-09 15:07:58,429 INFO o.a.j.JMeter: Default Locale=English
2024-04-09 15:07:58,429 INFO o.a.j.JMeter: JMeter  Locale=English
2024-04-09 15:07:58,429 INFO o.a.j.JMeter: JMeterHome=/home/ec2-user/.bzt/jmeter-taurus/5.5
2024-04-09 15:07:58,429 INFO o.a.j.JMeter: user.dir  =/home/ec2-user/environment
2024-04-09 15:07:58,430 INFO o.a.j.JMeter: PWD       =/home/ec2-user/environment
2024-04-09 15:07:58,430 INFO o.a.j.JMeter: IP: 172.16.1.207 Name: ip-172-16-1-207.ec2.internal FullName: ip-172-16-1-207.ec2.internal
2024-04-09 15:07:58,430 INFO o.a.j.JMeter: user.classpath=/home/ec2-user/environment/2024-04-09_15-06-15.616494:/home/ec2-user/environment
2024-04-09 15:07:58,430 INFO o.a.j.JMeter: Adding to classpath and loader: /home/ec2-user/environment/2024-04-09_15-06-15.616494
2024-04-09 15:07:58,436 INFO o.a.j.JMeter: Adding to classpath and loader: /home/ec2-user/environment
2024-04-09 15:07:58,446 INFO o.a.j.s.FileServer: Default base='/home/ec2-user/environment'
2024-04-09 15:07:58,449 INFO o.a.j.s.FileServer: Set new base='/home/ec2-user/environment'
2024-04-09 15:07:58,781 INFO o.a.j.s.SaveService: Testplan (JMX) version: 2.2. Testlog (JTL) version: 2.2
2024-04-09 15:07:58,824 INFO o.a.j.s.SaveService: Using SaveService properties version 5.0
2024-04-09 15:07:58,831 INFO o.a.j.s.SaveService: Using SaveService properties file encoding UTF-8
2024-04-09 15:07:58,841 INFO o.a.j.s.SaveService: Loading file: /home/ec2-user/environment/modified_wso-run.jmx
2024-04-09 15:07:58,903 INFO o.a.j.p.h.c.CookieManager: Settings: Delete null: true Check: true Allow variable: true Save: false Prefix: COOKIE_
2024-04-09 15:07:58,914 INFO o.a.j.p.h.c.CacheManager: Will only cache the following methods: [GET]
2024-04-09 15:07:58,958 INFO o.a.j.p.h.s.HTTPSamplerBase: Parser for text/html is org.apache.jmeter.protocol.http.parser.LagartoBasedHtmlParser
2024-04-09 15:07:58,959 INFO o.a.j.p.h.s.HTTPSamplerBase: Parser for application/xhtml+xml is org.apache.jmeter.protocol.http.parser.LagartoBasedHtmlParser
2024-04-09 15:07:58,959 INFO o.a.j.p.h.s.HTTPSamplerBase: Parser for application/xml is org.apache.jmeter.protocol.http.parser.LagartoBasedHtmlParser
2024-04-09 15:07:58,959 INFO o.a.j.p.h.s.HTTPSamplerBase: Parser for text/xml is org.apache.jmeter.protocol.http.parser.LagartoBasedHtmlParser
2024-04-09 15:07:58,959 INFO o.a.j.p.h.s.HTTPSamplerBase: Parser for text/vnd.wap.wml is org.apache.jmeter.protocol.http.parser.RegexpHTMLParser
2024-04-09 15:07:58,959 INFO o.a.j.p.h.s.HTTPSamplerBase: Parser for text/css is org.apache.jmeter.protocol.http.parser.CssParser
2024-04-09 15:07:59,038 INFO o.a.j.e.StandardJMeterEngine: Running the test!
2024-04-09 15:07:59,045 INFO o.a.j.s.SampleEvent: List of sample_variables: []
2024-04-09 15:07:59,046 INFO o.a.j.s.SampleEvent: List of sample_variables: []
2024-04-09 15:07:59,057 INFO o.a.j.e.u.CompoundVariable: Note: Function class names must contain the string: '.functions.'
2024-04-09 15:07:59,057 INFO o.a.j.e.u.CompoundVariable: Note: Function class names must not contain the string: '.gui.'
2024-04-09 15:07:59,272 INFO o.a.j.JMeter: Running test (1712675279272)
2024-04-09 15:07:59,324 INFO o.a.j.e.StandardJMeterEngine: Starting ThreadGroup: 1 : Thread Group
2024-04-09 15:07:59,325 INFO o.a.j.e.StandardJMeterEngine: Starting 1 threads for group Thread Group.
2024-04-09 15:07:59,325 INFO o.a.j.e.StandardJMeterEngine: Thread will continue on error
2024-04-09 15:07:59,325 INFO o.a.j.t.ThreadGroup: Starting thread group... number=1 threads=1 ramp-up=1 delayedStart=false
2024-04-09 15:07:59,336 INFO o.a.j.t.ThreadGroup: Started thread group number 1
2024-04-09 15:07:59,336 INFO o.a.j.e.StandardJMeterEngine: All thread groups have been started
2024-04-09 15:07:59,341 INFO o.a.j.t.JMeterThread: Thread started: Thread Group 1-1
2024-04-09 15:07:59,364 INFO o.a.j.p.h.s.HTTPHCAbstractImpl: Local host = ip-172-16-1-207.ec2.internal
2024-04-09 15:07:59,375 INFO o.a.j.p.h.s.HTTPHC4Impl: HTTP request retry count = 0
2024-04-09 15:07:59,377 INFO o.a.j.s.SampleResult: Note: Sample TimeStamps are START times
2024-04-09 15:07:59,377 INFO o.a.j.s.SampleResult: sampleresult.default.encoding is set to UTF-8
2024-04-09 15:07:59,377 INFO o.a.j.s.SampleResult: sampleresult.useNanoTime=true
2024-04-09 15:07:59,377 INFO o.a.j.s.SampleResult: sampleresult.nanoThreadSleep=5000
2024-04-09 15:07:59,504 INFO o.a.j.p.h.s.h.LazyLayeredConnectionSocketFactory: Setting up HTTPS TrustAll Socket Factory
2024-04-09 15:07:59,512 INFO o.a.j.u.JsseSSLManager: Using default SSL protocol: TLS
2024-04-09 15:07:59,513 INFO o.a.j.u.JsseSSLManager: SSL session context: per-thread
2024-04-09 15:07:59,597 INFO o.a.j.u.SSLManager: JmeterKeyStore Location:  type JKS
2024-04-09 15:07:59,601 INFO o.a.j.u.SSLManager: KeyStore created OK
2024-04-09 15:07:59,601 WARN o.a.j.u.SSLManager: Keystore file not found, loading empty keystore
2024-04-09 15:22:47,590 INFO o.a.j.t.JMeterThread: Thread finished: Thread Group 1-1
2024-04-09 15:22:47,592 INFO o.a.j.e.StandardJMeterEngine: Notifying test listeners of end of test
2024-04-09 15:22:47,592 INFO o.a.j.e.StandardJMeterEngine: Forced JVM shutdown requested at end of test
